\BOOKMARK [1][-]{section.1}{\376\377\000I\000n\000t\000r\000o\000d\000u\000c\000t\000i\000o\000n}{}% 1
\BOOKMARK [2][-]{subsection.1.1}{\376\377\000M\000o\000t\000i\000v\000a\000t\000i\000o\000n\000\040\000a\000n\000d\000\040\000C\000o\000n\000t\000e\000x\000t}{section.1}% 2
\BOOKMARK [2][-]{subsection.1.2}{\376\377\000T\000h\000e\000\040\000S\000c\000a\000l\000i\000n\000g\000\040\000Q\000u\000e\000s\000t\000i\000o\000n}{section.1}% 3
\BOOKMARK [2][-]{subsection.1.3}{\376\377\000C\000r\000i\000t\000i\000c\000a\000l\000\040\000G\000a\000p\000\040\000I\000d\000e\000n\000t\000i\000f\000i\000e\000d}{section.1}% 4
\BOOKMARK [2][-]{subsection.1.4}{\376\377\000C\000o\000n\000t\000r\000i\000b\000u\000t\000i\000o\000n\000s}{section.1}% 5
\BOOKMARK [1][-]{section.2}{\376\377\000B\000a\000c\000k\000g\000r\000o\000u\000n\000d}{}% 6
\BOOKMARK [2][-]{subsection.2.1}{\376\377\000Q\000u\000a\000n\000t\000u\000m\000\040\000R\000e\000s\000e\000r\000v\000o\000i\000r\000\040\000C\000o\000m\000p\000u\000t\000i\000n\000g}{section.2}% 7
\BOOKMARK [3][-]{subsubsection.2.1.1}{\376\377\000R\000e\000s\000e\000r\000v\000o\000i\000r\000\040\000C\000o\000m\000p\000u\000t\000i\000n\000g\000\040\000P\000a\000r\000a\000d\000i\000g\000m}{subsection.2.1}% 8
\BOOKMARK [3][-]{subsubsection.2.1.2}{\376\377\000Q\000u\000a\000n\000t\000u\000m\000\040\000E\000x\000t\000e\000n\000s\000i\000o\000n}{subsection.2.1}% 9
\BOOKMARK [2][-]{subsection.2.2}{\376\377\000S\000t\000e\000i\000n\000e\000g\000g\000e\000r\000\040\000\046\000\040\000R\000\344\000t\000h\000\040\000\050\0002\0000\0002\0005\000\051\000\040\000M\000e\000t\000h\000o\000d\000o\000l\000o\000g\000y}{section.2}% 10
\BOOKMARK [3][-]{subsubsection.2.2.1}{\376\377\000T\000e\000m\000p\000o\000r\000a\000l\000\040\000M\000u\000l\000t\000i\000p\000l\000e\000x\000i\000n\000g\000\040\000\050\000V\000\051}{subsection.2.2}% 11
\BOOKMARK [3][-]{subsubsection.2.2.2}{\376\377\000S\000p\000a\000t\000i\000a\000l\000\040\000M\000u\000l\000t\000i\000p\000l\000e\000x\000i\000n\000g\000\040\000\050\000r\000\051}{subsection.2.2}% 12
\BOOKMARK [3][-]{subsubsection.2.2.3}{\376\377\000P\000o\000l\000y\000n\000o\000m\000i\000a\000l\000\040\000R\000e\000a\000d\000o\000u\000t\000\040\000\050\000G\000\051}{subsection.2.2}% 13
\BOOKMARK [2][-]{subsection.2.3}{\376\377\000L\000y\000a\000p\000u\000n\000o\000v\000\040\000T\000i\000m\000e\000\040\000a\000n\000d\000\040\000C\000h\000a\000o\000t\000i\000c\000\040\000F\000o\000r\000e\000c\000a\000s\000t\000i\000n\000g}{section.2}% 14
\BOOKMARK [1][-]{section.3}{\376\377\000M\000e\000t\000h\000o\000d\000o\000l\000o\000g\000y}{}% 15
\BOOKMARK [2][-]{subsection.3.1}{\376\377\000E\000x\000p\000e\000r\000i\000m\000e\000n\000t\000a\000l\000\040\000H\000a\000r\000d\000w\000a\000r\000e}{section.3}% 16
\BOOKMARK [3][-]{subsubsection.3.1.1}{\376\377\000I\000B\000M\000\040\0004\000-\000Q\000u\000b\000i\000t\000\040\000C\000o\000n\000f\000i\000g\000u\000r\000a\000t\000i\000o\000n}{subsection.3.1}% 17
\BOOKMARK [3][-]{subsubsection.3.1.2}{\376\377\000I\000B\000M\000\040\0001\0005\0006\000-\000Q\000u\000b\000i\000t\000\040\000C\000o\000n\000f\000i\000g\000u\000r\000a\000t\000i\000o\000n}{subsection.3.1}% 18
\BOOKMARK [2][-]{subsection.3.2}{\376\377\000S\000i\000m\000u\000l\000a\000t\000i\000o\000n\000\040\000C\000o\000n\000f\000i\000g\000u\000r\000a\000t\000i\000o\000n}{section.3}% 19
\BOOKMARK [3][-]{subsubsection.3.2.1}{\376\377\000R\000i\000g\000e\000t\000t\000i\000\040\000N\000o\000v\000e\000r\000a\000\040\0009\000Q\000\040\000S\000p\000e\000c\000i\000f\000i\000c\000a\000t\000i\000o\000n\000s}{subsection.3.2}% 20
\BOOKMARK [2][-]{subsection.3.3}{\376\377\000T\000u\000r\000b\000u\000l\000e\000n\000c\000e\000\040\000D\000a\000t\000a\000s\000e\000t}{section.3}% 21
\BOOKMARK [2][-]{subsection.3.4}{\376\377\000T\000r\000a\000i\000n\000i\000n\000g\000\040\000P\000r\000o\000t\000o\000c\000o\000l}{section.3}% 22
\BOOKMARK [3][-]{subsubsection.3.4.1}{\376\377\000D\000a\000t\000a\000\040\000S\000p\000l\000i\000t}{subsection.3.4}% 23
\BOOKMARK [3][-]{subsubsection.3.4.2}{\376\377\000R\000i\000d\000g\000e\000\040\000R\000e\000g\000r\000e\000s\000s\000i\000o\000n}{subsection.3.4}% 24
\BOOKMARK [2][-]{subsection.3.5}{\376\377\000Q\000R\000C\000\040\000T\000r\000a\000i\000n\000i\000n\000g\000\040\000A\000l\000g\000o\000r\000i\000t\000h\000m}{section.3}% 25
\BOOKMARK [2][-]{subsection.3.6}{\376\377\000Q\000u\000a\000n\000t\000u\000m\000\040\000C\000i\000r\000c\000u\000i\000t\000\040\000A\000r\000c\000h\000i\000t\000e\000c\000t\000u\000r\000e}{section.3}% 26
\BOOKMARK [1][-]{section.4}{\376\377\000R\000e\000s\000u\000l\000t\000s\000:\000\040\000P\000a\000r\000t\000\040\000I\000\040\000\050\000E\000x\000p\000e\000r\000i\000m\000e\000n\000t\000a\000l\000\040\000H\000a\000r\000d\000w\000a\000r\000e\000\051}{}% 27
\BOOKMARK [2][-]{subsection.4.1}{\376\377\000I\000B\000M\000\040\0004\000Q\000\040\000P\000e\000r\000f\000o\000r\000m\000a\000n\000c\000e}{section.4}% 28
\BOOKMARK [2][-]{subsection.4.2}{\376\377\000I\000B\000M\000\040\0001\0005\0006\000Q\000\040\000P\000e\000r\000f\000o\000r\000m\000a\000n\000c\000e}{section.4}% 29
\BOOKMARK [1][-]{section.5}{\376\377\000R\000e\000s\000u\000l\000t\000s\000:\000\040\000P\000a\000r\000t\000\040\000I\000I\000\040\000\050\000M\000u\000l\000t\000i\000-\000S\000y\000s\000t\000e\000m\000\040\000V\000a\000l\000i\000d\000a\000t\000i\000o\000n\000\051}{}% 30
\BOOKMARK [2][-]{subsection.5.1}{\376\377\000M\000o\000t\000i\000v\000a\000t\000i\000o\000n\000:\000\040\000D\000e\000m\000o\000n\000s\000t\000r\000a\000t\000i\000n\000g\000\040\000Q\000R\000C\000\040\000G\000e\000n\000e\000r\000a\000l\000i\000z\000a\000b\000i\000l\000i\000t\000y}{section.5}% 31
\BOOKMARK [2][-]{subsection.5.2}{\376\377\000C\000a\000n\000o\000n\000i\000c\000a\000l\000\040\000C\000h\000a\000o\000t\000i\000c\000\040\000A\000t\000t\000r\000a\000c\000t\000o\000r\000s}{section.5}% 32
\BOOKMARK [3][-]{subsubsection.5.2.1}{\376\377\000L\000o\000r\000e\000n\000z\000-\0006\0003\000\040\000A\000t\000t\000r\000a\000c\000t\000o\000r}{subsection.5.2}% 33
\BOOKMARK [3][-]{subsubsection.5.2.2}{\376\377\000R\000\366\000s\000s\000l\000e\000r\000\040\000A\000t\000t\000r\000a\000c\000t\000o\000r}{subsection.5.2}% 34
\BOOKMARK [2][-]{subsection.5.3}{\376\377\000M\000u\000l\000t\000i\000-\000S\000y\000s\000t\000e\000m\000\040\000P\000e\000r\000f\000o\000r\000m\000a\000n\000c\000e\000\040\000C\000o\000m\000p\000a\000r\000i\000s\000o\000n}{section.5}% 35
\BOOKMARK [2][-]{subsection.5.4}{\376\377\000S\000p\000e\000c\000t\000r\000a\000l\000\040\000T\000u\000r\000b\000u\000l\000e\000n\000c\000e\000\040\000R\000e\000s\000u\000l\000t\000s}{section.5}% 36
\BOOKMARK [1][-]{section.6}{\376\377\000R\000e\000s\000u\000l\000t\000s\000:\000\040\000P\000a\000r\000t\000\040\000I\000I\000I\000\040\000\050\000S\000i\000m\000u\000l\000a\000t\000i\000o\000n\000\040\000w\000i\000t\000h\000\040\000F\000e\000a\000t\000u\000r\000e\000\040\000E\000n\000g\000i\000n\000e\000e\000r\000i\000n\000g\000\051}{}% 37
\BOOKMARK [2][-]{subsection.6.1}{\376\377\000S\000t\000e\000i\000n\000e\000g\000g\000e\000r\000\040\000M\000e\000t\000h\000o\000d\000o\000l\000o\000g\000y\000\040\000I\000m\000p\000l\000e\000m\000e\000n\000t\000a\000t\000i\000o\000n}{section.6}% 38
\BOOKMARK [2][-]{subsection.6.2}{\376\377\0009\000Q\000\040\000S\000i\000m\000u\000l\000a\000t\000i\000o\000n\000\040\000R\000e\000s\000u\000l\000t\000s}{section.6}% 39
\BOOKMARK [2][-]{subsection.6.3}{\376\377\000L\000y\000a\000p\000u\000n\000o\000v\000\040\000T\000i\000m\000e\000\040\000A\000n\000a\000l\000y\000s\000i\000s}{section.6}% 40
\BOOKMARK [2][-]{subsection.6.4}{\376\377\000E\000n\000e\000r\000g\000y\000\040\000S\000p\000e\000c\000t\000r\000u\000m\000\040\000R\000e\000c\000o\000n\000s\000t\000r\000u\000c\000t\000i\000o\000n\000\040\000Q\000u\000a\000l\000i\000t\000y}{section.6}% 41
\BOOKMARK [3][-]{subsubsection.6.4.1}{\376\377\000W\000a\000v\000e\000n\000u\000m\000b\000e\000r\000-\000R\000e\000s\000o\000l\000v\000e\000d\000\040\000A\000c\000c\000u\000r\000a\000c\000y}{subsection.6.4}% 42
\BOOKMARK [3][-]{subsubsection.6.4.2}{\376\377\000S\000p\000e\000c\000t\000r\000a\000l\000\040\000S\000l\000o\000p\000e\000\040\000P\000r\000e\000s\000e\000r\000v\000a\000t\000i\000o\000n}{subsection.6.4}% 43
\BOOKMARK [3][-]{subsubsection.6.4.3}{\376\377\000P\000h\000y\000s\000i\000c\000a\000l\000\040\000I\000n\000t\000e\000r\000p\000r\000e\000t\000a\000t\000i\000o\000n}{subsection.6.4}% 44
\BOOKMARK [1][-]{section.7}{\376\377\000D\000i\000s\000c\000u\000s\000s\000i\000o\000n\000:\000\040\000R\000e\000c\000o\000n\000c\000i\000l\000i\000n\000g\000\040\000t\000h\000e\000\040\000P\000a\000r\000a\000d\000o\000x}{}% 45
\BOOKMARK [2][-]{subsection.7.1}{\376\377\000T\000h\000e\000\040\000S\000a\000m\000p\000l\000e\000\040\000E\000f\000f\000i\000c\000i\000e\000n\000c\000y\000\040\000C\000r\000i\000s\000i\000s}{section.7}% 46
\BOOKMARK [3][-]{subsubsection.7.1.1}{\376\377\000S\000t\000a\000t\000i\000s\000t\000i\000c\000a\000l\000\040\000L\000e\000a\000r\000n\000i\000n\000g\000\040\000T\000h\000e\000o\000r\000y}{subsection.7.1}% 47
\BOOKMARK [3][-]{subsubsection.7.1.2}{\376\377\000E\000m\000p\000i\000r\000i\000c\000a\000l\000\040\000T\000h\000r\000e\000s\000h\000o\000l\000d\000s}{subsection.7.1}% 48
\BOOKMARK [2][-]{subsection.7.2}{\376\377\000W\000h\000y\000\040\0009\000Q\000\040\000S\000u\000c\000c\000e\000e\000d\000s\000\040\000a\000t\000\040\0000\000.\0001\0009\000\040\000S\000a\000m\000p\000l\000e\000s\000/\000F\000e\000a\000t\000u\000r\000e}{section.7}% 49
\BOOKMARK [3][-]{subsubsection.7.2.1}{\376\377\000P\000o\000l\000y\000n\000o\000m\000i\000a\000l\000\040\000F\000e\000a\000t\000u\000r\000e\000\040\000S\000t\000r\000u\000c\000t\000u\000r\000e}{subsection.7.2}% 50
\BOOKMARK [3][-]{subsubsection.7.2.2}{\376\377\000R\000i\000d\000g\000e\000\040\000R\000e\000g\000u\000l\000a\000r\000i\000z\000a\000t\000i\000o\000n}{subsection.7.2}% 51
\BOOKMARK [3][-]{subsubsection.7.2.3}{\376\377\000E\000n\000s\000e\000m\000b\000l\000e\000\040\000D\000i\000v\000e\000r\000s\000i\000t\000y}{subsection.7.2}% 52
\BOOKMARK [1][-]{section.8}{\376\377\000D\000a\000t\000a\000\040\000Q\000u\000a\000l\000i\000t\000y\000\040\000a\000n\000d\000\040\000L\000i\000m\000i\000t\000a\000t\000i\000o\000n\000s}{}% 53
\BOOKMARK [2][-]{subsection.8.1}{\376\377\000T\000r\000a\000i\000n\000i\000n\000g\000\040\000D\000a\000t\000a\000\040\000C\000h\000a\000r\000a\000c\000t\000e\000r\000i\000s\000t\000i\000c\000s}{section.8}% 54
\BOOKMARK [2][-]{subsection.8.2}{\376\377\000I\000m\000p\000a\000c\000t\000\040\000o\000n\000\040\000R\000e\000s\000u\000l\000t\000s\000\040\000I\000n\000t\000e\000r\000p\000r\000e\000t\000a\000t\000i\000o\000n}{section.8}% 55
\BOOKMARK [2][-]{subsection.8.3}{\376\377\000M\000e\000t\000h\000o\000d\000o\000l\000o\000g\000i\000c\000a\000l\000\040\000V\000a\000l\000i\000d\000a\000t\000i\000o\000n\000\040\000\050\0009\000Q\000\040\000S\000i\000m\000u\000l\000a\000t\000i\000o\000n\000\051}{section.8}% 56
\BOOKMARK [2][-]{subsection.8.4}{\376\377\000S\000c\000i\000e\000n\000t\000i\000f\000i\000c\000\040\000P\000o\000s\000i\000t\000i\000o\000n\000i\000n\000g}{section.8}% 57
\BOOKMARK [1][-]{section.9}{\376\377\000L\000i\000m\000i\000t\000a\000t\000i\000o\000n\000s\000\040\000a\000n\000d\000\040\000T\000h\000r\000e\000a\000t\000s\000\040\000t\000o\000\040\000V\000a\000l\000i\000d\000i\000t\000y}{}% 58
\BOOKMARK [2][-]{subsection.9.1}{\376\377\000H\000a\000r\000d\000w\000a\000r\000e\000\040\000v\000s\000.\000\040\000S\000i\000m\000u\000l\000a\000t\000i\000o\000n\000\040\000C\000o\000m\000p\000a\000r\000i\000s\000o\000n}{section.9}% 59
\BOOKMARK [2][-]{subsection.9.2}{\376\377\000S\000t\000a\000t\000i\000s\000t\000i\000c\000a\000l\000\040\000P\000o\000w\000e\000r\000\040\000a\000n\000d\000\040\000C\000o\000n\000f\000i\000d\000e\000n\000c\000e\000\040\000I\000n\000t\000e\000r\000v\000a\000l\000s}{section.9}% 60
\BOOKMARK [2][-]{subsection.9.3}{\376\377\000S\000a\000m\000p\000l\000e\000\040\000S\000i\000z\000e\000\040\000a\000n\000d\000\040\000S\000t\000a\000t\000i\000s\000t\000i\000c\000a\000l\000\040\000V\000a\000l\000i\000d\000i\000t\000y}{section.9}% 61
\BOOKMARK [2][-]{subsection.9.4}{\376\377\000G\000e\000n\000e\000r\000a\000l\000i\000z\000a\000b\000i\000l\000i\000t\000y\000\040\000C\000o\000n\000c\000e\000r\000n\000s}{section.9}% 62
\BOOKMARK [2][-]{subsection.9.5}{\376\377\000R\000e\000p\000r\000o\000d\000u\000c\000i\000b\000i\000l\000i\000t\000y\000\040\000S\000t\000a\000t\000e\000m\000e\000n\000t}{section.9}% 63
\BOOKMARK [1][-]{section.10}{\376\377\000C\000o\000n\000c\000l\000u\000s\000i\000o\000n\000s\000\040\000a\000n\000d\000\040\000F\000u\000t\000u\000r\000e\000\040\000W\000o\000r\000k}{}% 64
\BOOKMARK [2][-]{subsection.10.1}{\376\377\000K\000e\000y\000\040\000F\000i\000n\000d\000i\000n\000g\000s}{section.10}% 65
\BOOKMARK [2][-]{subsection.10.2}{\376\377\000P\000r\000a\000c\000t\000i\000c\000a\000l\000\040\000R\000e\000c\000o\000m\000m\000e\000n\000d\000a\000t\000i\000o\000n\000s}{section.10}% 66
\BOOKMARK [2][-]{subsection.10.3}{\376\377\000F\000u\000t\000u\000r\000e\000\040\000D\000i\000r\000e\000c\000t\000i\000o\000n\000s}{section.10}% 67
\BOOKMARK [2][-]{subsection.10.4}{\376\377\000H\000a\000r\000d\000w\000a\000r\000e\000\040\000S\000c\000a\000l\000i\000n\000g\000\040\000L\000i\000m\000i\000t\000a\000t\000i\000o\000n\000s}{section.10}% 68
\BOOKMARK [1][-]{section*.2}{\376\377\000A\000p\000p\000e\000n\000d\000i\000x\000\040\000A\000:\000\040\000M\000a\000t\000h\000e\000m\000a\000t\000i\000c\000a\000l\000\040\000D\000e\000r\000i\000v\000a\000t\000i\000o\000n\000s}{}% 69
\BOOKMARK [2][-]{subsection.Appendix.A.1}{\376\377\000R\000i\000d\000g\000e\000\040\000R\000e\000g\000r\000e\000s\000s\000i\000o\000n\000\040\000S\000o\000l\000u\000t\000i\000o\000n}{section*.2}% 70
\BOOKMARK [2][-]{subsection.Appendix.A.2}{\376\377\000P\000o\000l\000y\000n\000o\000m\000i\000a\000l\000\040\000F\000e\000a\000t\000u\000r\000e\000\040\000E\000x\000p\000a\000n\000s\000i\000o\000n}{section*.2}% 71
\BOOKMARK [2][-]{subsection.Appendix.A.3}{\376\377\000E\000f\000f\000e\000c\000t\000i\000v\000e\000\040\000D\000i\000m\000e\000n\000s\000i\000o\000n\000a\000l\000i\000t\000y}{section*.2}% 72
\BOOKMARK [1][-]{section*.3}{\376\377\000A\000p\000p\000e\000n\000d\000i\000x\000\040\000B\000:\000\040\000S\000p\000e\000c\000t\000r\000a\000l\000\040\000A\000n\000a\000l\000y\000s\000i\000s\000\040\000M\000e\000t\000h\000o\000d\000s}{}% 73
\BOOKMARK [2][-]{subsection.Appendix.B.1}{\376\377\000E\000n\000e\000r\000g\000y\000\040\000S\000p\000e\000c\000t\000r\000u\000m\000\040\000C\000o\000m\000p\000u\000t\000a\000t\000i\000o\000n}{section*.3}% 74
\BOOKMARK [2][-]{subsection.Appendix.B.2}{\376\377\000L\000y\000a\000p\000u\000n\000o\000v\000\040\000E\000x\000p\000o\000n\000e\000n\000t\000\040\000C\000a\000l\000c\000u\000l\000a\000t\000i\000o\000n}{section*.3}% 75
\BOOKMARK [2][-]{subsection.Appendix.B.3}{\376\377\000F\000o\000r\000e\000c\000a\000s\000t\000\040\000H\000o\000r\000i\000z\000o\000n\000\040\000M\000e\000t\000r\000i\000c}{section*.3}% 76
\BOOKMARK [1][-]{section*.4}{\376\377\000A\000p\000p\000e\000n\000d\000i\000x\000\040\000C\000:\000\040\000H\000a\000r\000d\000w\000a\000r\000e\000\040\000S\000p\000e\000c\000i\000f\000i\000c\000a\000t\000i\000o\000n\000s}{}% 77
\BOOKMARK [2][-]{subsection.Appendix.C.1}{\376\377\000I\000B\000M\000\040\000H\000e\000r\000o\000n\000\040\000r\0003\000\040\000\050\0001\0005\0006\000Q\000\051\000\040\000D\000e\000t\000a\000i\000l\000e\000d\000\040\000P\000a\000r\000a\000m\000e\000t\000e\000r\000s}{section*.4}% 78
\BOOKMARK [2][-]{subsection.Appendix.C.2}{\376\377\000R\000i\000g\000e\000t\000t\000i\000\040\000N\000o\000v\000e\000r\000a\000\040\0009\000Q\000\040\000N\000o\000i\000s\000e\000\040\000M\000o\000d\000e\000l}{section*.4}% 79
\BOOKMARK [1][-]{section*.5}{\376\377\000R\000e\000f\000e\000r\000e\000n\000c\000e\000s}{}% 80
